0 info it worked if it ends with ok
1 verbose cli [ '/usr/local/Cellar/node/7.7.1/bin/node',
1 verbose cli   '/usr/local/bin/npm',
1 verbose cli   'install',
1 verbose cli   'bootstrap',
1 verbose cli   '--save' ]
2 info using npm@4.1.2
3 info using node@v7.7.1
4 silly loadCurrentTree Starting
5 silly install loadCurrentTree
6 silly install readLocalPackageData
7 silly fetchPackageMetaData bootstrap
8 silly fetchNamedPackageData bootstrap
9 silly mapToRegistry name bootstrap
10 silly mapToRegistry using default registry
11 silly mapToRegistry registry https://registry.npmjs.org/
12 silly mapToRegistry data Result {
12 silly mapToRegistry   raw: 'bootstrap',
12 silly mapToRegistry   scope: null,
12 silly mapToRegistry   escapedName: 'bootstrap',
12 silly mapToRegistry   name: 'bootstrap',
12 silly mapToRegistry   rawSpec: '',
12 silly mapToRegistry   spec: 'latest',
12 silly mapToRegistry   type: 'tag' }
13 silly mapToRegistry uri https://registry.npmjs.org/bootstrap
14 verbose request uri https://registry.npmjs.org/bootstrap
15 verbose request no auth needed
16 info attempt registry request try #1 at 11:52:41 PM
17 verbose request id 54d9a669f7c3a0a4
18 http request GET https://registry.npmjs.org/bootstrap
19 http 200 https://registry.npmjs.org/bootstrap
20 verbose headers { server: 'nginx/1.10.1',
20 verbose headers   'content-type': 'application/json',
20 verbose headers   'last-modified': 'Sat, 04 Mar 2017 15:57:35 GMT',
20 verbose headers   etag: 'W/"58bae3ef-c60a"',
20 verbose headers   'content-encoding': 'gzip',
20 verbose headers   'cache-control': 'max-age=300',
20 verbose headers   'content-length': '9701',
20 verbose headers   'accept-ranges': 'bytes',
20 verbose headers   date: 'Mon, 06 Mar 2017 04:52:41 GMT',
20 verbose headers   via: '1.1 varnish',
20 verbose headers   age: '67',
20 verbose headers   connection: 'keep-alive',
20 verbose headers   'x-served-by': 'cache-ord1728-ORD',
20 verbose headers   'x-cache': 'HIT',
20 verbose headers   'x-cache-hits': '1',
20 verbose headers   'x-timer': 'S1488775961.238732,VS0,VE0',
20 verbose headers   vary: 'Accept-Encoding' }
21 silly get cb [ 200,
21 silly get   { server: 'nginx/1.10.1',
21 silly get     'content-type': 'application/json',
21 silly get     'last-modified': 'Sat, 04 Mar 2017 15:57:35 GMT',
21 silly get     etag: 'W/"58bae3ef-c60a"',
21 silly get     'content-encoding': 'gzip',
21 silly get     'cache-control': 'max-age=300',
21 silly get     'content-length': '9701',
21 silly get     'accept-ranges': 'bytes',
21 silly get     date: 'Mon, 06 Mar 2017 04:52:41 GMT',
21 silly get     via: '1.1 varnish',
21 silly get     age: '67',
21 silly get     connection: 'keep-alive',
21 silly get     'x-served-by': 'cache-ord1728-ORD',
21 silly get     'x-cache': 'HIT',
21 silly get     'x-cache-hits': '1',
21 silly get     'x-timer': 'S1488775961.238732,VS0,VE0',
21 silly get     vary: 'Accept-Encoding' } ]
22 verbose get saving bootstrap to /Users/tylermayle/.npm/registry.npmjs.org/bootstrap/.cache.json
23 verbose correctMkdir /Users/tylermayle/.npm correctMkdir not in flight; initializing
24 silly install normalizeTree
25 silly loadCurrentTree Finishing
26 silly loadIdealTree Starting
27 silly install loadIdealTree
28 silly cloneCurrentTree Starting
29 silly install cloneCurrentTreeToIdealTree
30 silly cloneCurrentTree Finishing
31 silly loadShrinkwrap Starting
32 silly install loadShrinkwrap
33 silly loadShrinkwrap Finishing
34 silly loadAllDepsIntoIdealTree Starting
35 silly install loadAllDepsIntoIdealTree
36 silly resolveWithNewModule bootstrap@3.3.7 checking installable status
37 silly cache add args [ 'bootstrap', null ]
38 verbose cache add spec bootstrap
39 silly cache add parsed spec Result {
39 silly cache add   raw: 'bootstrap',
39 silly cache add   scope: null,
39 silly cache add   escapedName: 'bootstrap',
39 silly cache add   name: 'bootstrap',
39 silly cache add   rawSpec: '',
39 silly cache add   spec: 'latest',
39 silly cache add   type: 'tag' }
40 silly addNamed bootstrap@latest
41 verbose addNamed "latest" is being treated as a dist-tag for bootstrap
42 info addNameTag [ 'bootstrap', 'latest' ]
43 silly mapToRegistry name bootstrap
44 silly mapToRegistry using default registry
45 silly mapToRegistry registry https://registry.npmjs.org/
46 silly mapToRegistry data Result {
46 silly mapToRegistry   raw: 'bootstrap',
46 silly mapToRegistry   scope: null,
46 silly mapToRegistry   escapedName: 'bootstrap',
46 silly mapToRegistry   name: 'bootstrap',
46 silly mapToRegistry   rawSpec: '',
46 silly mapToRegistry   spec: 'latest',
46 silly mapToRegistry   type: 'tag' }
47 silly mapToRegistry uri https://registry.npmjs.org/bootstrap
48 verbose addNameTag registry:https://registry.npmjs.org/bootstrap not in flight; fetching
49 verbose get https://registry.npmjs.org/bootstrap not expired, no request
50 silly addNameTag next cb for bootstrap with tag latest
51 silly addNamed bootstrap@3.3.7
52 verbose addNamed "3.3.7" is a plain semver version for bootstrap
53 silly mapToRegistry name bootstrap
54 silly mapToRegistry using default registry
55 silly mapToRegistry registry https://registry.npmjs.org/
56 silly mapToRegistry data Result {
56 silly mapToRegistry   raw: 'bootstrap',
56 silly mapToRegistry   scope: null,
56 silly mapToRegistry   escapedName: 'bootstrap',
56 silly mapToRegistry   name: 'bootstrap',
56 silly mapToRegistry   rawSpec: '',
56 silly mapToRegistry   spec: 'latest',
56 silly mapToRegistry   type: 'tag' }
57 silly mapToRegistry uri https://registry.npmjs.org/bootstrap
58 verbose addRemoteTarball https://registry.npmjs.org/bootstrap/-/bootstrap-3.3.7.tgz not in flight; adding
59 verbose addRemoteTarball [ 'https://registry.npmjs.org/bootstrap/-/bootstrap-3.3.7.tgz',
59 verbose addRemoteTarball   '5a389394549f23330875a3b150656574f8a9eb71' ]
60 info retry fetch attempt 1 at 11:52:41 PM
61 info attempt registry request try #1 at 11:52:41 PM
62 http fetch GET https://registry.npmjs.org/bootstrap/-/bootstrap-3.3.7.tgz
63 http fetch 200 https://registry.npmjs.org/bootstrap/-/bootstrap-3.3.7.tgz
64 silly fetchAndShaCheck shasum 5a389394549f23330875a3b150656574f8a9eb71
65 verbose addTmpTarball /var/folders/7p/bk6lgpks75g_93bjk9cvynl00000gn/T/npm-40666-0bed70ea/registry.npmjs.org/bootstrap/-/bootstrap-3.3.7.tgz not in flight; adding
66 verbose addTmpTarball already have metadata; skipping unpack for bootstrap@3.3.7
67 verbose correctMkdir /Users/tylermayle/.npm correctMkdir not in flight; initializing
68 silly cache afterAdd bootstrap@3.3.7
69 verbose afterAdd /Users/tylermayle/.npm/bootstrap/3.3.7/package/package.json not in flight; writing
70 verbose correctMkdir /Users/tylermayle/.npm correctMkdir not in flight; initializing
71 verbose afterAdd /Users/tylermayle/.npm/bootstrap/3.3.7/package/package.json written
72 silly loadAllDepsIntoIdealTree Finishing
73 silly loadIdealTree Finishing
74 silly currentTree Users
74 silly currentTree ├─┬ accepts@1.1.4
74 silly currentTree │ ├── mime-db@1.12.0
74 silly currentTree │ └── mime-types@2.0.14
74 silly currentTree ├── after@0.8.1
74 silly currentTree ├── anymatch@1.3.0
74 silly currentTree ├── arr-diff@2.0.0
74 silly currentTree ├── arr-flatten@1.0.1
74 silly currentTree ├── array-slice@0.2.3
74 silly currentTree ├── array-unique@0.2.1
74 silly currentTree ├── arraybuffer.slice@0.0.6
74 silly currentTree ├── arrify@1.0.1
74 silly currentTree ├── async-each@1.0.0
74 silly currentTree ├── backo2@1.0.2
74 silly currentTree ├── balanced-match@0.3.0
74 silly currentTree ├── base64-arraybuffer@0.1.2
74 silly currentTree ├── base64id@0.1.0
74 silly currentTree ├── batch@0.5.3
74 silly currentTree ├── benchmark@1.0.0
74 silly currentTree ├── better-assert@1.0.2
74 silly currentTree ├── binary-extensions@1.4.0
74 silly currentTree ├── blob@0.0.4
74 silly currentTree ├── bluebird@2.10.2
74 silly currentTree ├── body-parser@1.15.0
74 silly currentTree ├── brace-expansion@1.1.3
74 silly currentTree ├── braces@1.8.3
74 silly currentTree ├── bytes@2.2.0
74 silly currentTree ├── callsite@1.0.0
74 silly currentTree ├── chokidar@1.4.3
74 silly currentTree ├── colors@1.1.2
74 silly currentTree ├── component-bind@1.0.0
74 silly currentTree ├── component-emitter@1.1.2
74 silly currentTree ├── component-inherit@0.0.3
74 silly currentTree ├── concat-map@0.0.1
74 silly currentTree ├── connect@3.4.1
74 silly currentTree ├── content-type@1.0.1
74 silly currentTree ├── core-js@2.1.4
74 silly currentTree ├── core-util-is@1.0.2
74 silly currentTree ├── custom-event@1.0.0
74 silly currentTree ├── debug@2.2.0
74 silly currentTree ├── depd@1.1.0
74 silly currentTree ├── di@0.0.1
74 silly currentTree ├── dom-serialize@2.2.1
74 silly currentTree ├── ee-first@1.1.1
74 silly currentTree ├── engine.io-client@1.6.8
74 silly currentTree ├─┬ engine.io-parser@1.2.4
74 silly currentTree │ └── has-binary@0.1.6
74 silly currentTree ├── engine.io@1.6.8
74 silly currentTree ├── ent@2.2.0
74 silly currentTree ├── escape-html@1.0.3
74 silly currentTree ├── eventemitter3@1.1.1
74 silly currentTree ├─┬ expand-braces@0.1.2
74 silly currentTree │ ├── braces@0.1.5
74 silly currentTree │ ├── expand-range@0.1.1
74 silly currentTree │ ├── is-number@0.1.1
74 silly currentTree │ └── repeat-string@0.2.2
74 silly currentTree ├── expand-brackets@0.1.4
74 silly currentTree ├── expand-range@1.8.1
74 silly currentTree ├── extend@3.0.0
74 silly currentTree ├── extglob@0.3.2
74 silly currentTree ├── filename-regex@2.0.0
74 silly currentTree ├── fill-range@2.2.3
74 silly currentTree ├── finalhandler@0.4.1
74 silly currentTree ├── for-in@0.1.4
74 silly currentTree ├── for-own@0.1.3
74 silly currentTree ├─┬ fsevents@1.0.8
74 silly currentTree │ ├── ansi-regex@2.0.0
74 silly currentTree │ ├── ansi-styles@2.1.0
74 silly currentTree │ ├── ansi@0.3.1
74 silly currentTree │ ├── are-we-there-yet@1.0.6
74 silly currentTree │ ├── asn1@0.2.3
74 silly currentTree │ ├── assert-plus@0.2.0
74 silly currentTree │ ├── async@1.5.2
74 silly currentTree │ ├── aws-sign2@0.6.0
74 silly currentTree │ ├─┬ aws4@1.2.1
74 silly currentTree │ │ └── lru-cache@2.7.3
74 silly currentTree │ ├── bl@1.0.2
74 silly currentTree │ ├── block-stream@0.0.8
74 silly currentTree │ ├── boom@2.10.1
74 silly currentTree │ ├── caseless@0.11.0
74 silly currentTree │ ├── chalk@1.1.1
74 silly currentTree │ ├── combined-stream@1.0.5
74 silly currentTree │ ├── commander@2.9.0
74 silly currentTree │ ├── core-util-is@1.0.2
74 silly currentTree │ ├── cryptiles@2.0.5
74 silly currentTree │ ├── dashdash@1.12.2
74 silly currentTree │ ├── debug@2.2.0
74 silly currentTree │ ├── deep-extend@0.4.1
74 silly currentTree │ ├── delayed-stream@1.0.0
74 silly currentTree │ ├── delegates@1.0.0
74 silly currentTree │ ├── ecc-jsbn@0.1.1
74 silly currentTree │ ├── escape-string-regexp@1.0.4
74 silly currentTree │ ├── extend@3.0.0
74 silly currentTree │ ├── extsprintf@1.0.2
74 silly currentTree │ ├── forever-agent@0.6.1
74 silly currentTree │ ├── form-data@1.0.0-rc3
74 silly currentTree │ ├─┬ fstream-ignore@1.0.3
74 silly currentTree │ │ └─┬ minimatch@3.0.0
74 silly currentTree │ │   └─┬ brace-expansion@1.1.2
74 silly currentTree │ │     ├── balanced-match@0.3.0
74 silly currentTree │ │     └── concat-map@0.0.1
74 silly currentTree │ ├── fstream@1.0.8
74 silly currentTree │ ├── gauge@1.2.5
74 silly currentTree │ ├── generate-function@2.0.0
74 silly currentTree │ ├── generate-object-property@1.2.0
74 silly currentTree │ ├── graceful-fs@4.1.3
74 silly currentTree │ ├── graceful-readlink@1.0.1
74 silly currentTree │ ├── har-validator@2.0.6
74 silly currentTree │ ├── has-ansi@2.0.0
74 silly currentTree │ ├── has-unicode@2.0.0
74 silly currentTree │ ├── hawk@3.1.3
74 silly currentTree │ ├── hoek@2.16.3
74 silly currentTree │ ├── http-signature@1.1.1
74 silly currentTree │ ├── inherits@2.0.1
74 silly currentTree │ ├── ini@1.3.4
74 silly currentTree │ ├── is-my-json-valid@2.12.4
74 silly currentTree │ ├── is-property@1.0.2
74 silly currentTree │ ├── is-typedarray@1.0.0
74 silly currentTree │ ├── isarray@0.0.1
74 silly currentTree │ ├── isstream@0.1.2
74 silly currentTree │ ├── jodid25519@1.0.2
74 silly currentTree │ ├── jsbn@0.1.0
74 silly currentTree │ ├── json-schema@0.2.2
74 silly currentTree │ ├── json-stringify-safe@5.0.1
74 silly currentTree │ ├── jsonpointer@2.0.0
74 silly currentTree │ ├── jsprim@1.2.2
74 silly currentTree │ ├── lodash._basetostring@3.0.1
74 silly currentTree │ ├── lodash._createpadding@3.6.1
74 silly currentTree │ ├── lodash._root@3.0.0
74 silly currentTree │ ├── lodash.pad@3.3.0
74 silly currentTree │ ├── lodash.padleft@3.1.1
74 silly currentTree │ ├── lodash.padright@3.1.1
74 silly currentTree │ ├── lodash.repeat@3.2.0
74 silly currentTree │ ├── mime-db@1.21.0
74 silly currentTree │ ├── mime-types@2.1.9
74 silly currentTree │ ├── minimist@0.0.8
74 silly currentTree │ ├── mkdirp@0.5.1
74 silly currentTree │ ├── ms@0.7.1
74 silly currentTree │ ├─┬ node-pre-gyp@0.6.21
74 silly currentTree │ │ └─┬ nopt@3.0.6
74 silly currentTree │ │   └── abbrev@1.0.7
74 silly currentTree │ ├── node-uuid@1.4.7
74 silly currentTree │ ├── npmlog@2.0.2
74 silly currentTree │ ├── oauth-sign@0.8.1
74 silly currentTree │ ├── once@1.3.3
74 silly currentTree │ ├── pinkie-promise@2.0.0
74 silly currentTree │ ├── pinkie@2.0.4
74 silly currentTree │ ├── process-nextick-args@1.0.6
74 silly currentTree │ ├── qs@6.0.2
74 silly currentTree │ ├─┬ rc@1.1.6
74 silly currentTree │ │ └── minimist@1.2.0
74 silly currentTree │ ├── readable-stream@2.0.5
74 silly currentTree │ ├── request@2.69.0
74 silly currentTree │ ├─┬ rimraf@2.5.1
74 silly currentTree │ │ └─┬ glob@6.0.4
74 silly currentTree │ │   ├─┬ inflight@1.0.4
74 silly currentTree │ │   │ └── wrappy@1.0.1
74 silly currentTree │ │   ├── inherits@2.0.1
74 silly currentTree │ │   ├─┬ minimatch@3.0.0
74 silly currentTree │ │   │ └─┬ brace-expansion@1.1.2
74 silly currentTree │ │   │   ├── balanced-match@0.3.0
74 silly currentTree │ │   │   └── concat-map@0.0.1
74 silly currentTree │ │   ├─┬ once@1.3.3
74 silly currentTree │ │   │ └── wrappy@1.0.1
74 silly currentTree │ │   └── path-is-absolute@1.0.0
74 silly currentTree │ ├── semver@5.1.0
74 silly currentTree │ ├── sntp@1.0.9
74 silly currentTree │ ├── sshpk@1.7.3
74 silly currentTree │ ├── string_decoder@0.10.31
74 silly currentTree │ ├── stringstream@0.0.5
74 silly currentTree │ ├── strip-ansi@3.0.0
74 silly currentTree │ ├── strip-json-comments@1.0.4
74 silly currentTree │ ├── supports-color@2.0.0
74 silly currentTree │ ├── tar-pack@3.1.3
74 silly currentTree │ ├── tar@2.2.1
74 silly currentTree │ ├── tough-cookie@2.2.1
74 silly currentTree │ ├── tunnel-agent@0.4.2
74 silly currentTree │ ├── tweetnacl@0.13.3
74 silly currentTree │ ├── uid-number@0.0.6
74 silly currentTree │ ├── util-deprecate@1.0.2
74 silly currentTree │ ├── verror@1.3.6
74 silly currentTree │ ├── wrappy@1.0.1
74 silly currentTree │ └── xtend@4.0.1
74 silly currentTree ├── glob-base@0.3.0
74 silly currentTree ├── glob-parent@2.0.0
74 silly currentTree ├── glob@7.0.3
74 silly currentTree ├── graceful-fs@4.1.3
74 silly currentTree ├── has-binary@0.1.7
74 silly currentTree ├── has-cors@1.1.0
74 silly currentTree ├── http-errors@1.4.0
74 silly currentTree ├── http-proxy@1.13.2
74 silly currentTree ├── iconv-lite@0.4.13
74 silly currentTree ├── indexof@0.0.1
74 silly currentTree ├── inflight@1.0.4
74 silly currentTree ├── inherits@2.0.1
74 silly currentTree ├── is-binary-path@1.0.1
74 silly currentTree ├── is-buffer@1.1.3
74 silly currentTree ├── is-dotfile@1.0.2
74 silly currentTree ├── is-equal-shallow@0.1.3
74 silly currentTree ├── is-extendable@0.1.1
74 silly currentTree ├── is-extglob@1.0.0
74 silly currentTree ├── is-glob@2.0.1
74 silly currentTree ├── is-number@2.1.0
74 silly currentTree ├── is-primitive@2.0.0
74 silly currentTree ├── isarray@0.0.1
74 silly currentTree ├── isbinaryfile@3.0.0
74 silly currentTree ├── isobject@2.0.0
74 silly currentTree ├── json3@3.2.6
74 silly currentTree ├── karma@0.13.22
74 silly currentTree ├── kind-of@3.0.2
74 silly currentTree ├── lodash@3.10.1
74 silly currentTree ├─┬ log4js@0.6.33
74 silly currentTree │ └── readable-stream@1.0.33
74 silly currentTree ├── lru-cache@2.2.4
74 silly currentTree ├── media-typer@0.3.0
74 silly currentTree ├── micromatch@2.3.7
74 silly currentTree ├── mime-db@1.22.0
74 silly currentTree ├── mime-types@2.1.10
74 silly currentTree ├── mime@1.3.4
74 silly currentTree ├── minimatch@3.0.0
74 silly currentTree ├── minimist@0.0.10
74 silly currentTree ├── ms@0.7.1
74 silly currentTree ├── nan@2.2.0
74 silly currentTree ├── negotiator@0.4.9
74 silly currentTree ├── normalize-path@2.0.1
74 silly currentTree ├── object-component@0.0.3
74 silly currentTree ├── object.omit@2.0.0
74 silly currentTree ├── on-finished@2.3.0
74 silly currentTree ├── once@1.3.3
74 silly currentTree ├── optimist@0.6.1
74 silly currentTree ├── options@0.0.6
74 silly currentTree ├── parse-glob@3.0.4
74 silly currentTree ├── parsejson@0.0.1
74 silly currentTree ├── parseqs@0.0.2
74 silly currentTree ├── parseuri@0.0.4
74 silly currentTree ├── parseurl@1.3.1
74 silly currentTree ├── path-is-absolute@1.0.0
74 silly currentTree ├── preserve@0.2.0
74 silly currentTree ├── process-nextick-args@1.0.6
74 silly currentTree ├── qs@6.1.0
74 silly currentTree ├── randomatic@1.1.5
74 silly currentTree ├─┬ raw-body@2.1.6
74 silly currentTree │ └── bytes@2.3.0
74 silly currentTree ├── readable-stream@2.0.5
74 silly currentTree ├─┬ readdirp@2.0.0
74 silly currentTree │ └── minimatch@2.0.10
74 silly currentTree ├── regex-cache@0.4.2
74 silly currentTree ├── repeat-element@1.1.2
74 silly currentTree ├── repeat-string@1.5.4
74 silly currentTree ├── requires-port@1.0.0
74 silly currentTree ├── rimraf@2.5.2
74 silly currentTree ├── semver@4.3.6
74 silly currentTree ├─┬ socket.io-adapter@0.4.0
74 silly currentTree │ └─┬ socket.io-parser@2.2.2
74 silly currentTree │   └── debug@0.7.4
74 silly currentTree ├─┬ socket.io-client@1.4.5
74 silly currentTree │ └── component-emitter@1.2.0
74 silly currentTree ├─┬ socket.io-parser@2.2.6
74 silly currentTree │ └── json3@3.3.2
74 silly currentTree ├── socket.io@1.4.5
74 silly currentTree ├── source-map@0.5.3
74 silly currentTree ├── statuses@1.2.1
74 silly currentTree ├── string_decoder@0.10.31
74 silly currentTree ├── to-array@0.1.4
74 silly currentTree ├── type-is@1.6.12
74 silly currentTree ├── ultron@1.0.2
74 silly currentTree ├── unpipe@1.0.0
74 silly currentTree ├── useragent@2.1.8
74 silly currentTree ├── utf8@2.1.0
74 silly currentTree ├── util-deprecate@1.0.2
74 silly currentTree ├── utils-merge@1.0.0
74 silly currentTree ├── void-elements@2.0.1
74 silly currentTree ├── wordwrap@0.0.3
74 silly currentTree ├── wrappy@1.0.1
74 silly currentTree ├── ws@1.0.1
74 silly currentTree ├── xmlhttprequest-ssl@1.5.1
74 silly currentTree └── yeast@0.1.2
75 silly idealTree Users
75 silly idealTree ├─┬ accepts@1.1.4
75 silly idealTree │ ├── mime-db@1.12.0
75 silly idealTree │ └── mime-types@2.0.14
75 silly idealTree ├── after@0.8.1
75 silly idealTree ├── anymatch@1.3.0
75 silly idealTree ├── arr-diff@2.0.0
75 silly idealTree ├── arr-flatten@1.0.1
75 silly idealTree ├── array-slice@0.2.3
75 silly idealTree ├── array-unique@0.2.1
75 silly idealTree ├── arraybuffer.slice@0.0.6
75 silly idealTree ├── arrify@1.0.1
75 silly idealTree ├── async-each@1.0.0
75 silly idealTree ├── backo2@1.0.2
75 silly idealTree ├── balanced-match@0.3.0
75 silly idealTree ├── base64-arraybuffer@0.1.2
75 silly idealTree ├── base64id@0.1.0
75 silly idealTree ├── batch@0.5.3
75 silly idealTree ├── benchmark@1.0.0
75 silly idealTree ├── better-assert@1.0.2
75 silly idealTree ├── binary-extensions@1.4.0
75 silly idealTree ├── blob@0.0.4
75 silly idealTree ├── bluebird@2.10.2
75 silly idealTree ├── body-parser@1.15.0
75 silly idealTree ├── bootstrap@3.3.7
75 silly idealTree ├── brace-expansion@1.1.3
75 silly idealTree ├── braces@1.8.3
75 silly idealTree ├── bytes@2.2.0
75 silly idealTree ├── callsite@1.0.0
75 silly idealTree ├── chokidar@1.4.3
75 silly idealTree ├── colors@1.1.2
75 silly idealTree ├── component-bind@1.0.0
75 silly idealTree ├── component-emitter@1.1.2
75 silly idealTree ├── component-inherit@0.0.3
75 silly idealTree ├── concat-map@0.0.1
75 silly idealTree ├── connect@3.4.1
75 silly idealTree ├── content-type@1.0.1
75 silly idealTree ├── core-js@2.1.4
75 silly idealTree ├── core-util-is@1.0.2
75 silly idealTree ├── custom-event@1.0.0
75 silly idealTree ├── debug@2.2.0
75 silly idealTree ├── depd@1.1.0
75 silly idealTree ├── di@0.0.1
75 silly idealTree ├── dom-serialize@2.2.1
75 silly idealTree ├── ee-first@1.1.1
75 silly idealTree ├── engine.io-client@1.6.8
75 silly idealTree ├─┬ engine.io-parser@1.2.4
75 silly idealTree │ └── has-binary@0.1.6
75 silly idealTree ├── engine.io@1.6.8
75 silly idealTree ├── ent@2.2.0
75 silly idealTree ├── escape-html@1.0.3
75 silly idealTree ├── eventemitter3@1.1.1
75 silly idealTree ├─┬ expand-braces@0.1.2
75 silly idealTree │ ├── braces@0.1.5
75 silly idealTree │ ├── expand-range@0.1.1
75 silly idealTree │ ├── is-number@0.1.1
75 silly idealTree │ └── repeat-string@0.2.2
75 silly idealTree ├── expand-brackets@0.1.4
75 silly idealTree ├── expand-range@1.8.1
75 silly idealTree ├── extend@3.0.0
75 silly idealTree ├── extglob@0.3.2
75 silly idealTree ├── filename-regex@2.0.0
75 silly idealTree ├── fill-range@2.2.3
75 silly idealTree ├── finalhandler@0.4.1
75 silly idealTree ├── for-in@0.1.4
75 silly idealTree ├── for-own@0.1.3
75 silly idealTree ├─┬ fsevents@1.0.8
75 silly idealTree │ ├── ansi-regex@2.0.0
75 silly idealTree │ ├── ansi-styles@2.1.0
75 silly idealTree │ ├── ansi@0.3.1
75 silly idealTree │ ├── are-we-there-yet@1.0.6
75 silly idealTree │ ├── asn1@0.2.3
75 silly idealTree │ ├── assert-plus@0.2.0
75 silly idealTree │ ├── async@1.5.2
75 silly idealTree │ ├── aws-sign2@0.6.0
75 silly idealTree │ ├─┬ aws4@1.2.1
75 silly idealTree │ │ └── lru-cache@2.7.3
75 silly idealTree │ ├── bl@1.0.2
75 silly idealTree │ ├── block-stream@0.0.8
75 silly idealTree │ ├── boom@2.10.1
75 silly idealTree │ ├── caseless@0.11.0
75 silly idealTree │ ├── chalk@1.1.1
75 silly idealTree │ ├── combined-stream@1.0.5
75 silly idealTree │ ├── commander@2.9.0
75 silly idealTree │ ├── core-util-is@1.0.2
75 silly idealTree │ ├── cryptiles@2.0.5
75 silly idealTree │ ├── dashdash@1.12.2
75 silly idealTree │ ├── debug@2.2.0
75 silly idealTree │ ├── deep-extend@0.4.1
75 silly idealTree │ ├── delayed-stream@1.0.0
75 silly idealTree │ ├── delegates@1.0.0
75 silly idealTree │ ├── ecc-jsbn@0.1.1
75 silly idealTree │ ├── escape-string-regexp@1.0.4
75 silly idealTree │ ├── extend@3.0.0
75 silly idealTree │ ├── extsprintf@1.0.2
75 silly idealTree │ ├── forever-agent@0.6.1
75 silly idealTree │ ├── form-data@1.0.0-rc3
75 silly idealTree │ ├─┬ fstream-ignore@1.0.3
75 silly idealTree │ │ └─┬ minimatch@3.0.0
75 silly idealTree │ │   └─┬ brace-expansion@1.1.2
75 silly idealTree │ │     ├── balanced-match@0.3.0
75 silly idealTree │ │     └── concat-map@0.0.1
75 silly idealTree │ ├── fstream@1.0.8
75 silly idealTree │ ├── gauge@1.2.5
75 silly idealTree │ ├── generate-function@2.0.0
75 silly idealTree │ ├── generate-object-property@1.2.0
75 silly idealTree │ ├── graceful-fs@4.1.3
75 silly idealTree │ ├── graceful-readlink@1.0.1
75 silly idealTree │ ├── har-validator@2.0.6
75 silly idealTree │ ├── has-ansi@2.0.0
75 silly idealTree │ ├── has-unicode@2.0.0
75 silly idealTree │ ├── hawk@3.1.3
75 silly idealTree │ ├── hoek@2.16.3
75 silly idealTree │ ├── http-signature@1.1.1
75 silly idealTree │ ├── inherits@2.0.1
75 silly idealTree │ ├── ini@1.3.4
75 silly idealTree │ ├── is-my-json-valid@2.12.4
75 silly idealTree │ ├── is-property@1.0.2
75 silly idealTree │ ├── is-typedarray@1.0.0
75 silly idealTree │ ├── isarray@0.0.1
75 silly idealTree │ ├── isstream@0.1.2
75 silly idealTree │ ├── jodid25519@1.0.2
75 silly idealTree │ ├── jsbn@0.1.0
75 silly idealTree │ ├── json-schema@0.2.2
75 silly idealTree │ ├── json-stringify-safe@5.0.1
75 silly idealTree │ ├── jsonpointer@2.0.0
75 silly idealTree │ ├── jsprim@1.2.2
75 silly idealTree │ ├── lodash._basetostring@3.0.1
75 silly idealTree │ ├── lodash._createpadding@3.6.1
75 silly idealTree │ ├── lodash._root@3.0.0
75 silly idealTree │ ├── lodash.pad@3.3.0
75 silly idealTree │ ├── lodash.padleft@3.1.1
75 silly idealTree │ ├── lodash.padright@3.1.1
75 silly idealTree │ ├── lodash.repeat@3.2.0
75 silly idealTree │ ├── mime-db@1.21.0
75 silly idealTree │ ├── mime-types@2.1.9
75 silly idealTree │ ├── minimist@0.0.8
75 silly idealTree │ ├── mkdirp@0.5.1
75 silly idealTree │ ├── ms@0.7.1
75 silly idealTree │ ├─┬ node-pre-gyp@0.6.21
75 silly idealTree │ │ └─┬ nopt@3.0.6
75 silly idealTree │ │   └── abbrev@1.0.7
75 silly idealTree │ ├── node-uuid@1.4.7
75 silly idealTree │ ├── npmlog@2.0.2
75 silly idealTree │ ├── oauth-sign@0.8.1
75 silly idealTree │ ├── once@1.3.3
75 silly idealTree │ ├── pinkie-promise@2.0.0
75 silly idealTree │ ├── pinkie@2.0.4
75 silly idealTree │ ├── process-nextick-args@1.0.6
75 silly idealTree │ ├── qs@6.0.2
75 silly idealTree │ ├─┬ rc@1.1.6
75 silly idealTree │ │ └── minimist@1.2.0
75 silly idealTree │ ├── readable-stream@2.0.5
75 silly idealTree │ ├── request@2.69.0
75 silly idealTree │ ├─┬ rimraf@2.5.1
75 silly idealTree │ │ └─┬ glob@6.0.4
75 silly idealTree │ │   ├─┬ inflight@1.0.4
75 silly idealTree │ │   │ └── wrappy@1.0.1
75 silly idealTree │ │   ├── inherits@2.0.1
75 silly idealTree │ │   ├─┬ minimatch@3.0.0
75 silly idealTree │ │   │ └─┬ brace-expansion@1.1.2
75 silly idealTree │ │   │   ├── balanced-match@0.3.0
75 silly idealTree │ │   │   └── concat-map@0.0.1
75 silly idealTree │ │   ├─┬ once@1.3.3
75 silly idealTree │ │   │ └── wrappy@1.0.1
75 silly idealTree │ │   └── path-is-absolute@1.0.0
75 silly idealTree │ ├── semver@5.1.0
75 silly idealTree │ ├── sntp@1.0.9
75 silly idealTree │ ├── sshpk@1.7.3
75 silly idealTree │ ├── string_decoder@0.10.31
75 silly idealTree │ ├── stringstream@0.0.5
75 silly idealTree │ ├── strip-ansi@3.0.0
75 silly idealTree │ ├── strip-json-comments@1.0.4
75 silly idealTree │ ├── supports-color@2.0.0
75 silly idealTree │ ├── tar-pack@3.1.3
75 silly idealTree │ ├── tar@2.2.1
75 silly idealTree │ ├── tough-cookie@2.2.1
75 silly idealTree │ ├── tunnel-agent@0.4.2
75 silly idealTree │ ├── tweetnacl@0.13.3
75 silly idealTree │ ├── uid-number@0.0.6
75 silly idealTree │ ├── util-deprecate@1.0.2
75 silly idealTree │ ├── verror@1.3.6
75 silly idealTree │ ├── wrappy@1.0.1
75 silly idealTree │ └── xtend@4.0.1
75 silly idealTree ├── glob-base@0.3.0
75 silly idealTree ├── glob-parent@2.0.0
75 silly idealTree ├── glob@7.0.3
75 silly idealTree ├── graceful-fs@4.1.3
75 silly idealTree ├── has-binary@0.1.7
75 silly idealTree ├── has-cors@1.1.0
75 silly idealTree ├── http-errors@1.4.0
75 silly idealTree ├── http-proxy@1.13.2
75 silly idealTree ├── iconv-lite@0.4.13
75 silly idealTree ├── indexof@0.0.1
75 silly idealTree ├── inflight@1.0.4
75 silly idealTree ├── inherits@2.0.1
75 silly idealTree ├── is-binary-path@1.0.1
75 silly idealTree ├── is-buffer@1.1.3
75 silly idealTree ├── is-dotfile@1.0.2
75 silly idealTree ├── is-equal-shallow@0.1.3
75 silly idealTree ├── is-extendable@0.1.1
75 silly idealTree ├── is-extglob@1.0.0
75 silly idealTree ├── is-glob@2.0.1
75 silly idealTree ├── is-number@2.1.0
75 silly idealTree ├── is-primitive@2.0.0
75 silly idealTree ├── isarray@0.0.1
75 silly idealTree ├── isbinaryfile@3.0.0
75 silly idealTree ├── isobject@2.0.0
75 silly idealTree ├── json3@3.2.6
75 silly idealTree ├── karma@0.13.22
75 silly idealTree ├── kind-of@3.0.2
75 silly idealTree ├── lodash@3.10.1
75 silly idealTree ├─┬ log4js@0.6.33
75 silly idealTree │ └── readable-stream@1.0.33
75 silly idealTree ├── lru-cache@2.2.4
75 silly idealTree ├── media-typer@0.3.0
75 silly idealTree ├── micromatch@2.3.7
75 silly idealTree ├── mime-db@1.22.0
75 silly idealTree ├── mime-types@2.1.10
75 silly idealTree ├── mime@1.3.4
75 silly idealTree ├── minimatch@3.0.0
75 silly idealTree ├── minimist@0.0.10
75 silly idealTree ├── ms@0.7.1
75 silly idealTree ├── nan@2.2.0
75 silly idealTree ├── negotiator@0.4.9
75 silly idealTree ├── normalize-path@2.0.1
75 silly idealTree ├── object-component@0.0.3
75 silly idealTree ├── object.omit@2.0.0
75 silly idealTree ├── on-finished@2.3.0
75 silly idealTree ├── once@1.3.3
75 silly idealTree ├── optimist@0.6.1
75 silly idealTree ├── options@0.0.6
75 silly idealTree ├── parse-glob@3.0.4
75 silly idealTree ├── parsejson@0.0.1
75 silly idealTree ├── parseqs@0.0.2
75 silly idealTree ├── parseuri@0.0.4
75 silly idealTree ├── parseurl@1.3.1
75 silly idealTree ├── path-is-absolute@1.0.0
75 silly idealTree ├── preserve@0.2.0
75 silly idealTree ├── process-nextick-args@1.0.6
75 silly idealTree ├── qs@6.1.0
75 silly idealTree ├── randomatic@1.1.5
75 silly idealTree ├─┬ raw-body@2.1.6
75 silly idealTree │ └── bytes@2.3.0
75 silly idealTree ├── readable-stream@2.0.5
75 silly idealTree ├─┬ readdirp@2.0.0
75 silly idealTree │ └── minimatch@2.0.10
75 silly idealTree ├── regex-cache@0.4.2
75 silly idealTree ├── repeat-element@1.1.2
75 silly idealTree ├── repeat-string@1.5.4
75 silly idealTree ├── requires-port@1.0.0
75 silly idealTree ├── rimraf@2.5.2
75 silly idealTree ├── semver@4.3.6
75 silly idealTree ├─┬ socket.io-adapter@0.4.0
75 silly idealTree │ └─┬ socket.io-parser@2.2.2
75 silly idealTree │   └── debug@0.7.4
75 silly idealTree ├─┬ socket.io-client@1.4.5
75 silly idealTree │ └── component-emitter@1.2.0
75 silly idealTree ├─┬ socket.io-parser@2.2.6
75 silly idealTree │ └── json3@3.3.2
75 silly idealTree ├── socket.io@1.4.5
75 silly idealTree ├── source-map@0.5.3
75 silly idealTree ├── statuses@1.2.1
75 silly idealTree ├── string_decoder@0.10.31
75 silly idealTree ├── to-array@0.1.4
75 silly idealTree ├── type-is@1.6.12
75 silly idealTree ├── ultron@1.0.2
75 silly idealTree ├── unpipe@1.0.0
75 silly idealTree ├── useragent@2.1.8
75 silly idealTree ├── utf8@2.1.0
75 silly idealTree ├── util-deprecate@1.0.2
75 silly idealTree ├── utils-merge@1.0.0
75 silly idealTree ├── void-elements@2.0.1
75 silly idealTree ├── wordwrap@0.0.3
75 silly idealTree ├── wrappy@1.0.1
75 silly idealTree ├── ws@1.0.1
75 silly idealTree ├── xmlhttprequest-ssl@1.5.1
75 silly idealTree └── yeast@0.1.2
76 silly generateActionsToTake Starting
77 silly install generateActionsToTake
78 warn checkPermissions Missing write access to /Users/node_modules
79 silly rollbackFailedOptional Starting
80 silly rollbackFailedOptional Finishing
81 silly runTopLevelLifecycles Finishing
82 silly install printInstalled
83 warn enoent ENOENT: no such file or directory, open '/Users/package.json'
84 verbose enoent ENOENT: no such file or directory, open '/Users/package.json'
84 verbose enoent This is most likely not a problem with npm itself
84 verbose enoent and is related to npm not being able to find a file.
85 warn Users No description
86 verbose If you need help, you may report this error at:
86 verbose     <https://github.com/npm/npm/issues>
87 warn Users No repository field.
88 verbose If you need help, you may report this error at:
88 verbose     <https://github.com/npm/npm/issues>
89 warn Users No README data
90 verbose If you need help, you may report this error at:
90 verbose     <https://github.com/npm/npm/issues>
91 warn Users No license field.
92 verbose If you need help, you may report this error at:
92 verbose     <https://github.com/npm/npm/issues>
93 verbose stack Error: EACCES: permission denied, access '/Users/node_modules'
94 verbose cwd /Users/tylermayle/project-clipper-2/app/static
95 error Darwin 16.4.0
96 error argv "/usr/local/Cellar/node/7.7.1/bin/node" "/usr/local/bin/npm" "install" "bootstrap" "--save"
97 error node v7.7.1
98 error npm  v4.1.2
99 error path /Users/node_modules
100 error code EACCES
101 error errno -13
102 error syscall access
103 error Error: EACCES: permission denied, access '/Users/node_modules'
103 error  { Error: EACCES: permission denied, access '/Users/node_modules'
103 error   errno: -13,
103 error   code: 'EACCES',
103 error   syscall: 'access',
103 error   path: '/Users/node_modules' }
104 error Please try running this command again as root/Administrator.
105 verbose exit [ -13, true ]
